<?xml version="1.0" encoding="UTF-8"?>
<testng-results skipped="0" failed="1" total="6" passed="5">
  <reporter-output>
  </reporter-output>
  <suite name="Default suite" duration-ms="104849" started-at="2022-06-25T11:27:41Z" finished-at="2022-06-25T11:29:26Z">
    <groups>
    </groups>
    <test name="Default test" duration-ms="104849" started-at="2022-06-25T11:27:41Z" finished-at="2022-06-25T11:29:26Z">
      <class name="LoginVolaris.LoginTestCases">
        <test-method status="PASS" signature="setUp()[pri:0, instance:LoginVolaris.LoginTestCases@27efef64]" name="setUp" is-config="true" duration-ms="2105" started-at="2022-06-25T16:57:42Z" finished-at="2022-06-25T16:57:44Z">
          <reporter-output>
          </reporter-output>
        </test-method> <!-- setUp -->
        <test-method status="PASS" signature="testData(java.lang.String, java.lang.String)[pri:0, instance:LoginVolaris.LoginTestCases@27efef64]" name="testData" duration-ms="11607" started-at="2022-06-25T16:57:44Z" data-provider="loginData" finished-at="2022-06-25T16:57:55Z">
          <params>
            <param index="0">
              <value>
                <![CDATA[adim@gmail.com]]>
              </value>
            </param>
            <param index="1">
              <value>
                <![CDATA[25454.0]]>
              </value>
            </param>
          </params>
          <reporter-output>
          </reporter-output>
        </test-method> <!-- testData -->
        <test-method status="PASS" signature="tearDown()[pri:0, instance:LoginVolaris.LoginTestCases@27efef64]" name="tearDown" is-config="true" duration-ms="4173" started-at="2022-06-25T16:57:55Z" finished-at="2022-06-25T16:57:59Z">
          <reporter-output>
          </reporter-output>
        </test-method> <!-- tearDown -->
        <test-method status="PASS" signature="setUp()[pri:0, instance:LoginVolaris.LoginTestCases@27efef64]" name="setUp" is-config="true" duration-ms="1535" started-at="2022-06-25T16:57:59Z" finished-at="2022-06-25T16:58:01Z">
          <reporter-output>
          </reporter-output>
        </test-method> <!-- setUp -->
        <test-method status="PASS" signature="testData(java.lang.String, java.lang.String)[pri:0, instance:LoginVolaris.LoginTestCases@27efef64]" name="testData" duration-ms="11727" started-at="2022-06-25T16:58:01Z" data-provider="loginData" finished-at="2022-06-25T16:58:13Z">
          <params>
            <param index="0">
              <value>
                <![CDATA[adm@123]]>
              </value>
            </param>
            <param index="1">
              <value>
                <![CDATA[155444.0]]>
              </value>
            </param>
          </params>
          <reporter-output>
          </reporter-output>
        </test-method> <!-- testData -->
        <test-method status="PASS" signature="tearDown()[pri:0, instance:LoginVolaris.LoginTestCases@27efef64]" name="tearDown" is-config="true" duration-ms="4181" started-at="2022-06-25T16:58:13Z" finished-at="2022-06-25T16:58:17Z">
          <reporter-output>
          </reporter-output>
        </test-method> <!-- tearDown -->
        <test-method status="PASS" signature="setUp()[pri:0, instance:LoginVolaris.LoginTestCases@27efef64]" name="setUp" is-config="true" duration-ms="1487" started-at="2022-06-25T16:58:17Z" finished-at="2022-06-25T16:58:18Z">
          <reporter-output>
          </reporter-output>
        </test-method> <!-- setUp -->
        <test-method status="PASS" signature="testData(java.lang.String, java.lang.String)[pri:0, instance:LoginVolaris.LoginTestCases@27efef64]" name="testData" duration-ms="12057" started-at="2022-06-25T16:58:18Z" data-provider="loginData" finished-at="2022-06-25T16:58:30Z">
          <params>
            <param index="0">
              <value>
                <![CDATA[dim@123.com]]>
              </value>
            </param>
            <param index="1">
              <value>
                <![CDATA[1548484.0]]>
              </value>
            </param>
          </params>
          <reporter-output>
          </reporter-output>
        </test-method> <!-- testData -->
        <test-method status="PASS" signature="tearDown()[pri:0, instance:LoginVolaris.LoginTestCases@27efef64]" name="tearDown" is-config="true" duration-ms="4191" started-at="2022-06-25T16:58:30Z" finished-at="2022-06-25T16:58:35Z">
          <reporter-output>
          </reporter-output>
        </test-method> <!-- tearDown -->
        <test-method status="PASS" signature="setUp()[pri:0, instance:LoginVolaris.LoginTestCases@27efef64]" name="setUp" is-config="true" duration-ms="1599" started-at="2022-06-25T16:58:35Z" finished-at="2022-06-25T16:58:36Z">
          <reporter-output>
          </reporter-output>
        </test-method> <!-- setUp -->
        <test-method status="FAIL" signature="testData(java.lang.String, java.lang.String)[pri:0, instance:LoginVolaris.LoginTestCases@27efef64]" name="testData" duration-ms="13924" started-at="2022-06-25T16:58:36Z" data-provider="loginData" finished-at="2022-06-25T16:58:50Z">
          <params>
            <param index="0">
              <value>
                <![CDATA[aim@123]]>
              </value>
            </param>
            <param index="1">
              <value>
                <![CDATA[4oiiu]]>
              </value>
            </param>
          </params>
          <exception class="org.openqa.selenium.ElementClickInterceptedException">
            <message>
              <![CDATA[element click intercepted: Element <button _ngcontent-eqg-c1="" class="btn btn-small mat-raised-button mat-button-base mat-terceary" color="terceary" mat-raised-button="">...</button> is not clickable at point (1270, 33). Other element would receive the click: <ul _ngcontent-eqg-c1="" class="sign-md skeleton">...</ul>
  (Session info: chrome=102.0.5005.115)
Build info: version: '3.8.1', revision: '6e95a6684b', time: '2017-12-01T18:33:54.468Z'
System info: host: 'DESKTOP-D7A64A0', ip: '192.168.1.6', os.name: 'Windows 10', os.arch: 'amd64', os.version: '10.0', java.version: '1.8.0_202'
Driver info: org.openqa.selenium.chrome.ChromeDriver
Capabilities {acceptInsecureCerts: false, browserName: chrome, browserVersion: 102.0.5005.115, chrome: {chromedriverVersion: 102.0.5005.61 (0e59bcc00cc4..., userDataDir: C:\Users\Prithiv\AppData\Lo...}, goog:chromeOptions: {debuggerAddress: localhost:61954}, javascriptEnabled: true, networkConnectionEnabled: false, pageLoadStrategy: normal, platform: WINDOWS, platformName: WINDOWS, proxy: Proxy(), setWindowRect: true, strictFileInteractability: false, timeouts: {implicit: 0, pageLoad: 300000, script: 30000}, unhandledPromptBehavior: dismiss and notify, webauthn:extension:credBlob: true, webauthn:extension:largeBlob: true, webauthn:virtualAuthenticators: true}
Session ID: 015203a28cab2629f1c24dfc9d4c7133]]>
            </message>
            <full-stacktrace>
              <![CDATA[org.openqa.selenium.ElementClickInterceptedException: element click intercepted: Element <button _ngcontent-eqg-c1="" class="btn btn-small mat-raised-button mat-button-base mat-terceary" color="terceary" mat-raised-button="">...</button> is not clickable at point (1270, 33). Other element would receive the click: <ul _ngcontent-eqg-c1="" class="sign-md skeleton">...</ul>
  (Session info: chrome=102.0.5005.115)
Build info: version: '3.8.1', revision: '6e95a6684b', time: '2017-12-01T18:33:54.468Z'
System info: host: 'DESKTOP-D7A64A0', ip: '192.168.1.6', os.name: 'Windows 10', os.arch: 'amd64', os.version: '10.0', java.version: '1.8.0_202'
Driver info: org.openqa.selenium.chrome.ChromeDriver
Capabilities {acceptInsecureCerts: false, browserName: chrome, browserVersion: 102.0.5005.115, chrome: {chromedriverVersion: 102.0.5005.61 (0e59bcc00cc4..., userDataDir: C:\Users\Prithiv\AppData\Lo...}, goog:chromeOptions: {debuggerAddress: localhost:61954}, javascriptEnabled: true, networkConnectionEnabled: false, pageLoadStrategy: normal, platform: WINDOWS, platformName: WINDOWS, proxy: Proxy(), setWindowRect: true, strictFileInteractability: false, timeouts: {implicit: 0, pageLoad: 300000, script: 30000}, unhandledPromptBehavior: dismiss and notify, webauthn:extension:credBlob: true, webauthn:extension:largeBlob: true, webauthn:virtualAuthenticators: true}
Session ID: 015203a28cab2629f1c24dfc9d4c7133
	at sun.reflect.NativeConstructorAccessorImpl.newInstance0(Native Method)
	at sun.reflect.NativeConstructorAccessorImpl.newInstance(Unknown Source)
	at sun.reflect.DelegatingConstructorAccessorImpl.newInstance(Unknown Source)
	at java.lang.reflect.Constructor.newInstance(Unknown Source)
	at org.openqa.selenium.remote.http.W3CHttpResponseCodec.createException(W3CHttpResponseCodec.java:187)
	at org.openqa.selenium.remote.http.W3CHttpResponseCodec.decode(W3CHttpResponseCodec.java:122)
	at org.openqa.selenium.remote.http.W3CHttpResponseCodec.decode(W3CHttpResponseCodec.java:49)
	at org.openqa.selenium.remote.HttpCommandExecutor.execute(HttpCommandExecutor.java:164)
	at org.openqa.selenium.remote.service.DriverCommandExecutor.execute(DriverCommandExecutor.java:83)
	at org.openqa.selenium.remote.RemoteWebDriver.execute(RemoteWebDriver.java:601)
	at org.openqa.selenium.remote.RemoteWebElement.execute(RemoteWebElement.java:279)
	at org.openqa.selenium.remote.RemoteWebElement.click(RemoteWebElement.java:83)
	at sun.reflect.NativeMethodAccessorImpl.invoke0(Native Method)
	at sun.reflect.NativeMethodAccessorImpl.invoke(Unknown Source)
	at sun.reflect.DelegatingMethodAccessorImpl.invoke(Unknown Source)
	at java.lang.reflect.Method.invoke(Unknown Source)
	at org.openqa.selenium.support.pagefactory.internal.LocatingElementHandler.invoke(LocatingElementHandler.java:51)
	at com.sun.proxy.$Proxy10.click(Unknown Source)
	at CommonFunctionLogin.CommonLogin.clickButton(CommonLogin.java:41)
	at LoginVolaris.LoginTestCases.testData(LoginTestCases.java:38)
	at sun.reflect.NativeMethodAccessorImpl.invoke0(Native Method)
	at sun.reflect.NativeMethodAccessorImpl.invoke(Unknown Source)
	at sun.reflect.DelegatingMethodAccessorImpl.invoke(Unknown Source)
	at java.lang.reflect.Method.invoke(Unknown Source)
	at org.testng.internal.MethodInvocationHelper.invokeMethod(MethodInvocationHelper.java:86)
	at org.testng.internal.Invoker.invokeMethod(Invoker.java:646)
	at org.testng.internal.Invoker.invokeTestMethod(Invoker.java:823)
	at org.testng.internal.Invoker.invokeTestMethods(Invoker.java:1131)
	at org.testng.internal.TestMethodWorker.invokeTestMethods(TestMethodWorker.java:129)
	at org.testng.internal.TestMethodWorker.run(TestMethodWorker.java:112)
	at org.testng.TestRunner.privateRun(TestRunner.java:778)
	at org.testng.TestRunner.run(TestRunner.java:632)
	at org.testng.SuiteRunner.runTest(SuiteRunner.java:366)
	at org.testng.SuiteRunner.runSequentially(SuiteRunner.java:361)
	at org.testng.SuiteRunner.privateRun(SuiteRunner.java:319)
	at org.testng.SuiteRunner.run(SuiteRunner.java:268)
	at org.testng.SuiteRunnerWorker.runSuite(SuiteRunnerWorker.java:52)
	at org.testng.SuiteRunnerWorker.run(SuiteRunnerWorker.java:86)
	at org.testng.TestNG.runSuitesSequentially(TestNG.java:1225)
	at org.testng.TestNG.runSuitesLocally(TestNG.java:1150)
	at org.testng.TestNG.runSuites(TestNG.java:1075)
	at org.testng.TestNG.run(TestNG.java:1047)
	at org.testng.remote.AbstractRemoteTestNG.run(AbstractRemoteTestNG.java:126)
	at org.testng.remote.RemoteTestNG.initAndRun(RemoteTestNG.java:137)
	at org.testng.remote.RemoteTestNG.main(RemoteTestNG.java:58)
]]>
            </full-stacktrace>
          </exception> <!-- org.openqa.selenium.ElementClickInterceptedException -->
          <reporter-output>
          </reporter-output>
        </test-method> <!-- testData -->
        <test-method status="PASS" signature="tearDown()[pri:0, instance:LoginVolaris.LoginTestCases@27efef64]" name="tearDown" is-config="true" duration-ms="4160" started-at="2022-06-25T16:58:50Z" finished-at="2022-06-25T16:58:54Z">
          <reporter-output>
          </reporter-output>
        </test-method> <!-- tearDown -->
        <test-method status="PASS" signature="setUp()[pri:0, instance:LoginVolaris.LoginTestCases@27efef64]" name="setUp" is-config="true" duration-ms="1404" started-at="2022-06-25T16:58:54Z" finished-at="2022-06-25T16:58:56Z">
          <reporter-output>
          </reporter-output>
        </test-method> <!-- setUp -->
        <test-method status="PASS" signature="testData(java.lang.String, java.lang.String)[pri:0, instance:LoginVolaris.LoginTestCases@27efef64]" name="testData" duration-ms="11500" started-at="2022-06-25T16:58:56Z" data-provider="loginData" finished-at="2022-06-25T16:59:07Z">
          <params>
            <param index="0">
              <value>
                <![CDATA[adi@m123]]>
              </value>
            </param>
            <param index="1">
              <value>
                <![CDATA[45454pri]]>
              </value>
            </param>
          </params>
          <reporter-output>
          </reporter-output>
        </test-method> <!-- testData -->
        <test-method status="PASS" signature="tearDown()[pri:0, instance:LoginVolaris.LoginTestCases@27efef64]" name="tearDown" is-config="true" duration-ms="219" started-at="2022-06-25T16:59:07Z" finished-at="2022-06-25T16:59:07Z">
          <reporter-output>
          </reporter-output>
        </test-method> <!-- tearDown -->
        <test-method status="PASS" signature="setUp()[pri:0, instance:LoginVolaris.LoginTestCases@27efef64]" name="setUp" is-config="true" duration-ms="1818" started-at="2022-06-25T16:59:07Z" finished-at="2022-06-25T16:59:09Z">
          <reporter-output>
          </reporter-output>
        </test-method> <!-- setUp -->
        <test-method status="PASS" signature="testData(java.lang.String, java.lang.String)[pri:0, instance:LoginVolaris.LoginTestCases@27efef64]" name="testData" duration-ms="12559" started-at="2022-06-25T16:59:09Z" data-provider="loginData" finished-at="2022-06-25T16:59:22Z">
          <params>
            <param index="0">
              <value>
                <![CDATA[prithivadim@123]]>
              </value>
            </param>
            <param index="1">
              <value>
                <![CDATA[pri24]]>
              </value>
            </param>
          </params>
          <reporter-output>
          </reporter-output>
        </test-method> <!-- testData -->
        <test-method status="PASS" signature="tearDown()[pri:0, instance:LoginVolaris.LoginTestCases@27efef64]" name="tearDown" is-config="true" duration-ms="4173" started-at="2022-06-25T16:59:22Z" finished-at="2022-06-25T16:59:26Z">
          <reporter-output>
          </reporter-output>
        </test-method> <!-- tearDown -->
      </class> <!-- LoginVolaris.LoginTestCases -->
    </test> <!-- Default test -->
  </suite> <!-- Default suite -->
</testng-results>
